<?xml version="1.0" encoding="UTF-8"?>
<!-- Generated by org.testng.reporters.JUnitReportReporter -->
<testsuite hostname="DESKTOP-N54R2FB" failures="0" tests="2" name="TestNG.Playwright_testsGroups" time="0.010" errors="0" timestamp="2025-10-14T15:03:27 IST" skipped="0">
  <testcase classname="TestNG.Playwright_testsGroups" name="setupField" time="0.001"/>
  <testcase classname="TestNG.Playwright_testsGroups" name="CloseBrowser" time="0.009"/>
</testsuite> <!-- TestNG.Playwright_testsGroups -->
