<?xml version="1.0" encoding="UTF-8"?>
<!-- Generated by org.testng.reporters.JUnitReportReporter -->
<testsuite hostname="DESKTOP-N54R2FB" failures="0" tests="1" name="TestNG.Playwright_AsserationReportingFailures" time="0.019" errors="0" timestamp="2025-10-14T12:02:59 IST" skipped="0">
  <testcase classname="TestNG.Playwright_AsserationReportingFailures" name="validateTitle" time="0.019"/>
</testsuite> <!-- TestNG.Playwright_AsserationReportingFailures -->
