<?xml version="1.0" encoding="UTF-8"?>
<!-- Generated by org.testng.reporters.JUnitReportReporter -->
<testsuite hostname="DESKTOP-N54R2FB" failures="0" tests="2" name="TestNG.Playwright_TestNG_runFirstTestCase" time="0.028" errors="0" timestamp="2025-10-14T12:41:54 IST" skipped="0">
  <testcase classname="TestNG.Playwright_TestNG_runFirstTestCase" name="Login" time="0.011"/>
  <testcase classname="TestNG.Playwright_TestNG_runFirstTestCase" name="setupField" time="0.017"/>
</testsuite> <!-- TestNG.Playwright_TestNG_runFirstTestCase -->
