<?xml version="1.0" encoding="UTF-8"?>
<!-- Generated by org.testng.reporters.JUnitReportReporter -->
<testsuite hostname="DESKTOP-N54R2FB" failures="0" tests="3" name="TestNG.Playwright_creatingTestsuite" time="0.009" errors="0" timestamp="2025-10-16T23:13:29 IST" skipped="0">
  <testcase classname="TestNG.Playwright_creatingTestsuite" name="Logout" time="0.002"/>
  <testcase classname="TestNG.Playwright_creatingTestsuite" name="setupField" time="0.001"/>
  <testcase classname="TestNG.Playwright_creatingTestsuite" name="Login" time="0.006"/>
</testsuite> <!-- TestNG.Playwright_creatingTestsuite -->
